>>>
valency: 2
model in: NIST_model2
model out: NIST_model36
kmax: 1
omax: 5
fmax: 15
train size: 60000
model cardinality: 542
underlying level sys cardinality: 1349
underlying level size: 60000
>>> NIST_model36
<<< done NIST_model36
model cardinality: 206
selected train size: 7500
bitmap NIST_model36.bmp
bitmap NIST_model36_1.bmp
bitmap NIST_model36_2.bmp
<<< done
 241,528,959,016 bytes allocated in the heap
  54,521,098,352 bytes copied during GC
     897,016,552 bytes maximum residency (99 sample(s))
      50,966,896 bytes maximum slop
            1754 MB total memory in use (0 MB lost due to fragmentation)

                                     Tot time (elapsed)  Avg pause  Max pause
  Gen  0     419937 colls,     0 par   48.189s  48.444s     0.0001s    0.0135s
  Gen  1        99 colls,     0 par    2.347s   2.364s     0.0239s    0.0739s

  INIT    time    0.000s  (  0.000s elapsed)
  MUT     time  129.629s  (131.043s elapsed)
  GC      time   50.536s  ( 50.808s elapsed)
  EXIT    time    0.009s  (  0.010s elapsed)
  Total   time  180.176s  (181.861s elapsed)

  %GC     time      28.0%  (27.9% elapsed)

  Alloc rate    1,863,227,797 bytes per MUT second

  Productivity  72.0% of total user, 71.3% of total elapsed

