>>>
valency: 2
model in: NIST_model26
model out: NIST_model42
kmax: 1
omax: 5
fmax: 127
train size: 60000
model cardinality: 7701
underlying level sys cardinality: 9498
underlying level size: 60000
>>> NIST_model42
<<< done NIST_model42
model cardinality: 835
selected train size: 7500
bitmap NIST_model42.bmp
bitmap NIST_model42_1.bmp
bitmap NIST_model42_2.bmp
<<< done
6,681,184,936,120 bytes allocated in the heap
3,189,857,638,976 bytes copied during GC
   7,927,064,760 bytes maximum residency (326 sample(s))
     163,891,360 bytes maximum slop
           15636 MB total memory in use (0 MB lost due to fragmentation)

                                     Tot time (elapsed)  Avg pause  Max pause
  Gen  0     12381789 colls,     0 par   6873.920s  6876.103s     0.0006s    0.0089s
  Gen  1       326 colls,     0 par   100.856s  100.851s     0.3094s    0.6855s

  INIT    time    0.000s  (  0.000s elapsed)
  MUT     time  10266.513s  (10262.850s elapsed)
  GC      time  6974.776s  (6976.954s elapsed)
  EXIT    time    0.147s  (  0.147s elapsed)
  Total   time  17241.437s  (17239.951s elapsed)

  %GC     time      40.5%  (40.5% elapsed)

  Alloc rate    650,774,529 bytes per MUT second

  Productivity  59.5% of total user, 59.6% of total elapsed

