>>>
selected train size: 17408
underlying level sys cardinality: 5158
underlying level size: 17408
>>> NIST_model11
<<< done NIST_model11
model cardinality: 198
selected train size: 7500
bitmap NIST_model11.bmp
<<< done
 571,132,433,864 bytes allocated in the heap
 112,100,906,016 bytes copied during GC
   1,078,943,784 bytes maximum residency (118 sample(s))
      62,846,720 bytes maximum slop
            2277 MB total memory in use (0 MB lost due to fragmentation)

                                     Tot time (elapsed)  Avg pause  Max pause
  Gen  0     1050175 colls,     0 par   89.407s  89.410s     0.0001s    0.0010s
  Gen  1       118 colls,     0 par   20.050s  20.051s     0.1699s    0.2877s

  INIT    time    0.000s  (  0.000s elapsed)
  MUT     time  431.045s  (431.101s elapsed)
  GC      time  109.457s  (109.461s elapsed)
  EXIT    time    0.001s  (  0.001s elapsed)
  Total   time  540.505s  (540.564s elapsed)

  %GC     time      20.3%  (20.2% elapsed)

  Alloc rate    1,324,994,664 bytes per MUT second

  Productivity  79.7% of total user, 79.7% of total elapsed

