>>>
selected regions train size: 17408
selected train size: 60000
underlying level cardinality: 16763
underlying level sys cardinality: 16823
underlying level size: 60000
>>> NIST_model16
<<< done NIST_model16
model cardinality: 2630
selected train size: 7500
bitmap NIST_model16.bmp
<<< done
2,305,399,419,832 bytes allocated in the heap
 245,319,396,832 bytes copied during GC
  10,948,713,472 bytes maximum residency (49 sample(s))
     869,729,688 bytes maximum slop
           24304 MB total memory in use (5337 MB lost due to fragmentation)

                                     Tot time (elapsed)  Avg pause  Max pause
  Gen  0     4060605 colls,     0 par   267.078s  266.672s     0.0001s    0.0016s
  Gen  1        49 colls,     0 par   15.811s  15.816s     0.3228s    4.9914s

  INIT    time    0.000s  (  0.000s elapsed)
  MUT     time  2197.245s  (2197.697s elapsed)
  GC      time  282.889s  (282.488s elapsed)
  EXIT    time    4.988s  (  4.991s elapsed)
  Total   time  2485.127s  (2485.177s elapsed)

  %GC     time      11.4%  (11.4% elapsed)

  Alloc rate    1,049,222,658 bytes per MUT second

  Productivity  88.6% of total user, 88.6% of total elapsed

