>>>
train size: 60000
train size: 60000
train size: 60000
underlying level cardinality: 5300
underlying level sys cardinality: 5321
underlying level size: 60000
>>> NIST_model19
<<< done NIST_model19
model cardinality: 2376
selected train size: 7500
NIST_engine19.exe: Data.Array.Repa.Operators.IndexSpace.reshape: reshaped array will not match size of the original
 629,187,159,392 bytes allocated in the heap
  42,866,757,704 bytes copied during GC
   2,957,406,520 bytes maximum residency (51 sample(s))
     404,107,696 bytes maximum slop
            8517 MB total memory in use (2620 MB lost due to fragmentation)

                                     Tot time (elapsed)  Avg pause  Max pause
  Gen  0     1099966 colls,     0 par   59.003s  58.912s     0.0001s    0.0007s
  Gen  1        51 colls,     0 par    4.571s   4.572s     0.0897s    1.4743s

  INIT    time    0.000s  (  0.000s elapsed)
  MUT     time  550.112s  (550.216s elapsed)
  GC      time   63.574s  ( 63.485s elapsed)
  EXIT    time    0.133s  (  0.133s elapsed)
  Total   time  613.822s  (613.834s elapsed)

  %GC     time      10.4%  (10.3% elapsed)

  Alloc rate    1,143,744,597 bytes per MUT second

  Productivity  89.6% of total user, 89.6% of total elapsed

