>>>
selected train size: 30000
underlying level cardinality: 17033
underlying level sys cardinality: 17039
underlying level size: 30000
>>> NIST_model13
<<< done NIST_model13
model cardinality: 2701
selected train size: 7500
bitmap NIST_model13.bmp
<<< done
 412,490,784,744 bytes allocated in the heap
  45,680,804,448 bytes copied during GC
   4,805,064,680 bytes maximum residency (29 sample(s))
     254,016,704 bytes maximum slop
           12619 MB total memory in use (2609 MB lost due to fragmentation)

                                     Tot time (elapsed)  Avg pause  Max pause
  Gen  0     692096 colls,     0 par   37.912s  37.821s     0.0001s    0.0013s
  Gen  1        29 colls,     0 par   17.825s  17.827s     0.6147s    2.5199s

  INIT    time    0.000s  (  0.000s elapsed)
  MUT     time  415.741s  (415.860s elapsed)
  GC      time   55.737s  ( 55.648s elapsed)
  EXIT    time    0.431s  (  0.431s elapsed)
  Total   time  471.913s  (471.939s elapsed)

  %GC     time      11.8%  (11.8% elapsed)

  Alloc rate    992,181,604 bytes per MUT second

  Productivity  88.2% of total user, 88.2% of total elapsed

