>>>
valency: 2
breadth: 15
seed: 17
ufmax: 15
locations: 1 3 5 7 9 11 13
model in: NIST_model21
model out: NIST_model43
kmax: 1
omax: 5
fmax: 127
region train size: 60000
region model cardinality: 4086
region sys cardinality: 650
train size: 60000
underlying level cardinality: 21415
sys cardinality: 21561
underlying level size: 60000
>>> NIST_model43
<<< done NIST_model43
model cardinality: 2034
selected train size: 7500
bitmap NIST_model43.bmp
bitmap NIST_model43_1.bmp
bitmap NIST_model43_2.bmp
<<< done
21,986,222,417,368 bytes allocated in the heap
13,960,111,474,192 bytes copied during GC
  18,086,493,760 bytes maximum residency (353 sample(s))
     203,193,240 bytes maximum slop
           35928 MB total memory in use (0 MB lost due to fragmentation)

                                     Tot time (elapsed)  Avg pause  Max pause
  Gen  0     41184001 colls,     0 par   11423.298s  11430.212s     0.0003s    0.0047s
  Gen  1       353 colls,     0 par   461.692s  461.660s     1.3078s    3.9287s

  INIT    time    0.000s  (  0.001s elapsed)
  MUT     time  32651.846s  (32636.600s elapsed)
  GC      time  11884.991s  (11891.873s elapsed)
  EXIT    time    0.446s  (  0.446s elapsed)
  Total   time  44537.285s  (44528.920s elapsed)

  %GC     time      26.7%  (26.7% elapsed)

  Alloc rate    673,353,111 bytes per MUT second

  Productivity  73.3% of total user, 73.3% of total elapsed

